    Starting sequence Mon Feb 01 14:30:51 2021
     
  Instrument Name: GCMS2
    Sequence File: D:\data\20200201rk_cocacase28x.sequence.xml
          Comment:  
         Operator: RK
        Data Path: D:\data\

    Line  Type          Vials    DataFile               Sample Name
    -----------------------------------------------------------------------
    Acquisition Method Path: D:\MassHunter\Methods\
    Acquisition Method File: algemeen.M
      1) Blank            6      BLANK-06_210004        BLANK-06_210004          
         Comment: RK project Stein
      2) Sample           7      B039753                B039753                  
         Comment: RK project Stein
      3) Sample           8      B039774                B039774                  
         Comment: RK project Stein
      4) Sample          10      B039770                B039770                  
         Comment: RK project Stein
      5) Sample          11      B039771                B039771                  
         Comment: RK project Stein
      6) Sample          12      B039750                B039750                  
         Comment: RK project Stein
      7) Sample          13      B039751                B039751                  
         Comment: RK project Stein
      8) Sample          14      B039752                B039752                  
         Comment: RK project Stein
      9) Sample          16      B039760                B039760                  
         Comment: RK project Stein
     10) Sample          17      B039764                B039764                  
         Comment: RK project Stein
     11) Sample          18      B039767                B039767                  
         Comment: RK project Stein
     12) Sample          20      B039748                B039748                  
         Comment: RK project Stein
     13) Sample          58      B039695                B039695                  
         Comment: RK project Stein
     14) Sample          59      B039699                B039699                  
         Comment: RK project Stein
     15) Sample          60      B039700                B039700                  
         Comment: RK project Stein
     16) Sample          61      B039701                B039701                  
         Comment: RK project Stein
     17) Sample          63      B039705                B039705                  
         Comment: RK project Stein
     18) Sample          64      B039706                B039706                  
         Comment: RK project Stein
     19) Sample          67      B039716                B039716                  
         Comment: RK project Stein
     20) Sample          68      B039719                B039719                  
         Comment: RK project Stein
     21) Sample          70      B039722                B039722                  
         Comment: RK project Stein
     22) Sample          71      B039723                B039723                  
         Comment: RK project Stein
     23) Sample          72      B039734                B039734                  
         Comment: RK project Stein
     24) Sample          74      B039725                B039725                  
         Comment: RK project Stein
     25) Sample          76      B039731                B039731                  
         Comment: RK project Stein
     26) Sample          78      B039728                B039728                  
         Comment: RK project Stein
     27) Sample          80      B039736                B039736                  
         Comment: RK project Stein
     28) Sample          81      B039738                B039738                  
         Comment: RK project Stein
     29) Sample          82      B039740                B039740                  
         Comment: RK project Stein
     
    Sequence completed Mon Feb 01 22:32:05 2021
     
      D:\data\overige2021\rk\20200201rk_cocacase28x\2021 Feb 01 1430 Sequence Log
