Start executing script, opening method file..
Start executing script, opening data file..
0 : Starting...
0 : Starting
4 : Reading time segment information
8 : Reading scan records
8 : Reading scan records
16 : Reading scan records
25 : Reading scan records
34 : Reading scan records
43 : Reading scan records
52 : Reading scan records
60 : Reading scan records
72 : Opening file and reading data
81 : Opening file and reading data
100 : Done opening file
100 : Complete
50 : Data file 1 of 1: B039731.d
0 : Extracting 'TIC Scan (Integrate) (Cycle-summed)':  : Starting
0 : Extracting 'TIC Scan (Integrate) (Cycle-summed)':  : Reading chromatogram information
26 : Extracting 'TIC Scan (Integrate) (Cycle-summed)':  : Filtering scan records completed
42 : Extracting 'TIC Scan (Integrate) (Cycle-summed)':  : Base chromatogram generation completed
45 : Extracting 'TIC Scan (Integrate) (Cycle-summed)':  : Adding description information
50 : Extracting 'TIC Scan (Integrate) (Cycle-summed)':  : Done preparing chromatograms
75 : Integrating '+ TIC Scan'
100 : Integrating '+ TIC Scan'
100 : Complete
0 : Starting...
0 : Deleting previous results...
10 : Finding compounds...
12 : Preparing deconvolution parameters
15 : Running deconvolution algorithm
74 : Preparing and filtering 16 original compound results
78 : Completed filtering, start extracting results for 4 compounds
90 : Preparing results...
91 : Adding compound 1 of  4 found
100 : Complete
80 : Starting...
82 : Progressing ...
85 : Progressing ...
87 : Progressing ...
90 : Progressing ...
92 : Progressing ...
95 : Progressing ...
97 : Progressing ...
100 : Progressing ...
100 : Complete
100 : Complete
100 : Complete
0 : Starting...
0 : Combining identification results : User Chromatograms
11 : Combining identification results : Cpd 1: Phenacetin
22 : Combining identification results : + Compound Spectrum (rt: 4.775-4.848 min)
33 : Combining identification results : Cpd 2: Cocaine
44 : Combining identification results : + Compound Spectrum (rt: 6.587-6.647 min)
55 : Combining identification results : Cpd 3: Octacosane
66 : Combining identification results : + Compound Spectrum (rt: 8.052-8.128 min)
77 : Combining identification results : Cpd 4: 10.086
88 : Combining identification results : + Compound Spectrum (rt: 8.555-10.461 min)
100 : Complete
0 : Starting...
0 : Saving 'B039731.d'
8 : Saving 'User Chromatograms'
17 : Saving '+ TIC Scan'
25 : Saving 'User Spectra'
34 : Saving 'Background Spectra'
43 : Saving 'Compounds'
51 : Saving 'Cpd 1: Phenacetin'
60 : Saving 'Cpd 2: Cocaine'
69 : Saving 'Cpd 3: Octacosane'
77 : Saving 'Cpd 4: 10.086'
86 : Saving 'Matched Sequences'
95 : Writing to disk.
100 : Complete
Automated data analysis successfully completed
